<?xml version="1.0" encoding="UTF-8"?>
<!-- Generated by org.testng.reporters.JUnitXMLReporter -->
<testsuite ignored="0" hostname="Sudhayog" failures="0" tests="4" name="Default test" time="19.402" errors="0" timestamp="2020-03-23T00:49:18 SGT">
  <testcase classname="apachePOIOperations.sample" name="login" time="1.399"/>
  <testcase classname="apachePOIOperations.sample" name="login" time="0.591"/>
  <testcase classname="apachePOIOperations.sample" name="login" time="0.497"/>
  <testcase classname="apachePOIOperations.sample" name="login" time="0.533"/>
</testsuite> <!-- Default test -->
